#
# There is insufficient memory for the Java Runtime Environment to continue.
# Native memory allocation (malloc) failed to allocate 244480 bytes for Chunk::new
# Possible reasons:
#   The system is out of physical RAM or swap space
#   The process is running with CompressedOops enabled, and the Java Heap may be blocking the growth of the native heap
# Possible solutions:
#   Reduce memory load on the system
#   Increase physical memory or swap space
#   Check if swap backing store is full
#   Decrease Java heap size (-Xmx/-Xms)
#   Decrease number of Java threads
#   Decrease Java thread stack sizes (-Xss)
#   Set larger code cache with -XX:ReservedCodeCacheSize=
#   JVM is running with Unscaled Compressed Oops mode in which the Java heap is
#     placed in the first 4GB address space. The Java Heap base address is the
#     maximum limit for the native heap growth. Please use -XX:HeapBaseMinAddress
#     to set the Java Heap base and to place the Java Heap above 4GB virtual address.
# This output file may be truncated or incomplete.
#
#  Out of Memory Error (arena.cpp:189), pid=11356, tid=18028
#
# JRE version: OpenJDK Runtime Environment JBR-17.0.3+7-469.32-jcef (17.0.3+7) (build 17.0.3+7-b469.32)
# Java VM: OpenJDK 64-Bit Server VM JBR-17.0.3+7-469.32-jcef (17.0.3+7-b469.32, mixed mode, tiered, compressed oops, compressed class ptrs, g1 gc, windows-amd64)
# No core dump will be written. Minidumps are not enabled by default on client versions of Windows
#

---------------  S U M M A R Y ------------

Command Line: -Djava.rmi.server.hostname=127.0.0.1 -Duser.timezone=UTC -Xmx750m -Xms128m -XX:+IgnoreUnrecognizedVMOptions --add-opens=jdk.unsupported/sun.misc=ALL-UNNAMED --add-opens=java.base/java.nio=ALL-UNNAMED -Dfile.encoding=UTF-8 com.intellij.database.remote.RemoteJdbcServer com.mysql.cj.jdbc.Driver

Host: Intel(R) Core(TM) i5-1035G7 CPU @ 1.20GHz, 8 cores, 7G,  Windows 10 , 64 bit Build 19041 (10.0.19041.3155)
Time: Mon Jul 31 00:03:43 2023  Windows 10 , 64 bit Build 19041 (10.0.19041.3155) elapsed time: 2127.500087 seconds (0d 0h 35m 27s)

---------------  T H R E A D  ---------------

Current thread (0x000002397802def0):  JavaThread "C2 CompilerThread0" daemon [_thread_in_native, id=18028, stack(0x00000093a4700000,0x00000093a4800000)]


Current CompileTask:
C2:2127500 3049   !   4       java.io.ObjectInputStream::readObject0 (681 bytes)

Stack: [0x00000093a4700000,0x00000093a4800000]
Native frames: (J=compiled Java code, j=interpreted, Vv=VM code, C=native code)
V  [jvm.dll+0x681f8a]
V  [jvm.dll+0x83e374]
V  [jvm.dll+0x83fb1e]
V  [jvm.dll+0x840183]
V  [jvm.dll+0x2492a5]
V  [jvm.dll+0xabd5c]
V  [jvm.dll+0xac32c]
V  [jvm.dll+0x3681d7]
V  [jvm.dll+0x1bc5c2]
V  [jvm.dll+0x21baa9]
V  [jvm.dll+0x21ad71]
V  [jvm.dll+0x1a49dd]
V  [jvm.dll+0x22a7e8]
V  [jvm.dll+0x228891]
V  [jvm.dll+0x7f3d6c]
V  [jvm.dll+0x7ee2ea]
V  [jvm.dll+0x680dc5]
C  [ucrtbase.dll+0x21bb2]
C  [KERNEL32.DLL+0x17614]
C  [ntdll.dll+0x526b1]


---------------  P R O C E S S  ---------------

Threads class SMR info:
_java_thread_list=0x0000023978306450, length=20, elements={
0x000002396062f9e0, 0x0000023977701260, 0x0000023977701e10, 0x0000023978012130,
0x0000023977716a30, 0x000002397771b500, 0x000002397771beb0, 0x000002397802def0,
0x00000239780368f0, 0x00000239780372e0, 0x00000239781907d0, 0x0000023978192e50,
0x0000023978224f80, 0x00000239784b89b0, 0x0000023978443b20, 0x0000023978443ff0,
0x00000239784402d0, 0x000002397857d4c0, 0x000002397858fc10, 0x0000023978590c40
}

Java Threads: ( => current thread )
  0x000002396062f9e0 JavaThread "main" [_thread_blocked, id=27444, stack(0x00000093a3a00000,0x00000093a3b00000)]
  0x0000023977701260 JavaThread "Reference Handler" daemon [_thread_blocked, id=30876, stack(0x00000093a4100000,0x00000093a4200000)]
  0x0000023977701e10 JavaThread "Finalizer" daemon [_thread_blocked, id=25368, stack(0x00000093a4200000,0x00000093a4300000)]
  0x0000023978012130 JavaThread "Signal Dispatcher" daemon [_thread_blocked, id=13516, stack(0x00000093a4300000,0x00000093a4400000)]
  0x0000023977716a30 JavaThread "Attach Listener" daemon [_thread_blocked, id=18656, stack(0x00000093a4400000,0x00000093a4500000)]
  0x000002397771b500 JavaThread "Service Thread" daemon [_thread_blocked, id=22896, stack(0x00000093a4500000,0x00000093a4600000)]
  0x000002397771beb0 JavaThread "Monitor Deflation Thread" daemon [_thread_blocked, id=31520, stack(0x00000093a4600000,0x00000093a4700000)]
=>0x000002397802def0 JavaThread "C2 CompilerThread0" daemon [_thread_in_native, id=18028, stack(0x00000093a4700000,0x00000093a4800000)]
  0x00000239780368f0 JavaThread "C1 CompilerThread0" daemon [_thread_blocked, id=3104, stack(0x00000093a4800000,0x00000093a4900000)]
  0x00000239780372e0 JavaThread "Sweeper thread" daemon [_thread_blocked, id=28204, stack(0x00000093a4900000,0x00000093a4a00000)]
  0x00000239781907d0 JavaThread "Common-Cleaner" daemon [_thread_blocked, id=18620, stack(0x00000093a4a00000,0x00000093a4b00000)]
  0x0000023978192e50 JavaThread "Notification Thread" daemon [_thread_blocked, id=29544, stack(0x00000093a4b00000,0x00000093a4c00000)]
  0x0000023978224f80 JavaThread "mysql-cj-abandoned-connection-cleanup" daemon [_thread_blocked, id=23432, stack(0x00000093a4d00000,0x00000093a4e00000)]
  0x00000239784b89b0 JavaThread "RMI TCP Accept-65514" daemon [_thread_in_native, id=6280, stack(0x00000093a4e00000,0x00000093a4f00000)]
  0x0000023978443b20 JavaThread "RMI TCP Accept-0" daemon [_thread_in_native, id=12720, stack(0x00000093a4f00000,0x00000093a5000000)]
  0x0000023978443ff0 JavaThread "RMI Reaper" [_thread_blocked, id=22968, stack(0x00000093a5000000,0x00000093a5100000)]
  0x00000239784402d0 JavaThread "RMI GC Daemon" daemon [_thread_blocked, id=13220, stack(0x00000093a5100000,0x00000093a5200000)]
  0x000002397857d4c0 JavaThread "RMI TCP Connection(1)-127.0.0.1" daemon [_thread_in_native, id=27520, stack(0x00000093a5200000,0x00000093a5300000)]
  0x000002397858fc10 JavaThread "RMI Scheduler(0)" daemon [_thread_blocked, id=2876, stack(0x00000093a5300000,0x00000093a5400000)]
  0x0000023978590c40 JavaThread "RMI TCP Connection(2)-127.0.0.1" daemon [_thread_in_native, id=29844, stack(0x00000093a5400000,0x00000093a5500000)]

Other Threads:
  0x00000239776dda10 VMThread "VM Thread" [stack: 0x00000093a4000000,0x00000093a4100000] [id=10276]
  0x0000023960678250 WatcherThread [stack: 0x00000093a4c00000,0x00000093a4d00000] [id=19560]
  0x00000239606647c0 GCTaskThread "GC Thread#0" [stack: 0x00000093a3b00000,0x00000093a3c00000] [id=14188]
  0x000002397a3018f0 GCTaskThread "GC Thread#1" [stack: 0x00000093a5700000,0x00000093a5800000] [id=15208]
  0x000002397a301ba0 GCTaskThread "GC Thread#2" [stack: 0x00000093a5800000,0x00000093a5900000] [id=30336]
  0x000002397994b820 GCTaskThread "GC Thread#3" [stack: 0x00000093a5900000,0x00000093a5a00000] [id=3784]
  0x000002397a003e00 GCTaskThread "GC Thread#4" [stack: 0x00000093a5a00000,0x00000093a5b00000] [id=22204]
  0x00000239789ac550 GCTaskThread "GC Thread#5" [stack: 0x00000093a5b00000,0x00000093a5c00000] [id=25632]
  0x00000239788ac2e0 GCTaskThread "GC Thread#6" [stack: 0x00000093a5c00000,0x00000093a5d00000] [id=20332]
  0x0000023978b0b6d0 GCTaskThread "GC Thread#7" [stack: 0x00000093a5d00000,0x00000093a5e00000] [id=13972]
  0x000002396066b4c0 ConcurrentGCThread "G1 Main Marker" [stack: 0x00000093a3c00000,0x00000093a3d00000] [id=1284]
  0x000002396066c670 ConcurrentGCThread "G1 Conc#0" [stack: 0x00000093a3d00000,0x00000093a3e00000] [id=30456]
  0x0000023979cccc50 ConcurrentGCThread "G1 Conc#1" [stack: 0x00000093a5500000,0x00000093a5600000] [id=20036]
  0x00000239606f8620 ConcurrentGCThread "G1 Refine#0" [stack: 0x00000093a3e00000,0x00000093a3f00000] [id=13620]
  0x000002397994bad0 ConcurrentGCThread "G1 Refine#1" [stack: 0x00000093a5e00000,0x00000093a5f00000] [id=11068]
  0x00000239606f9040 ConcurrentGCThread "G1 Service" [stack: 0x00000093a3f00000,0x00000093a4000000] [id=6656]

Threads with active compile tasks:
C2 CompilerThread0  2127610 3049   !   4       java.io.ObjectInputStream::readObject0 (681 bytes)

VM state: not at safepoint (normal execution)

VM Mutex/Monitor currently owned by a thread: None

Heap address: 0x00000000d1200000, size: 750 MB, Compressed Oops mode: 32-bit

CDS archive(s) not mapped
Compressed class space mapped at: 0x0000000100000000-0x0000000140000000, reserved size: 1073741824
Narrow klass base: 0x0000000000000000, Narrow klass shift: 3, Narrow klass range: 0x140000000

GC Precious Log:
 CPUs: 8 total, 8 available
 Memory: 7926M
 Large Page Support: Disabled
 NUMA Support: Disabled
 Compressed Oops: Enabled (32-bit)
 Heap Region Size: 1M
 Heap Min Capacity: 128M
 Heap Initial Capacity: 128M
 Heap Max Capacity: 750M
 Pre-touch: Disabled
 Parallel Workers: 8
 Concurrent Workers: 2
 Concurrent Refinement Workers: 8
 Periodic GC: Disabled

Heap:
 garbage-first heap   total 131072K, used 12521K [0x00000000d1200000, 0x0000000100000000)
  region size 1024K, 8 young (8192K), 2 survivors (2048K)
 Metaspace       used 23584K, committed 23872K, reserved 1073152K
  class space    used 2417K, committed 2560K, reserved 1048576K

Heap Regions: E=young(eden), S=young(survivor), O=old, HS=humongous(starts), HC=humongous(continues), CS=collection set, F=free, OA=open archive, CA=closed archive, TAMS=top-at-mark-start (previous, next)
|   0|0x00000000d1200000, 0x00000000d1300000, 0x00000000d1300000|100%| O|  |TAMS 0x00000000d1300000, 0x00000000d1200000| Untracked 
|   1|0x00000000d1300000, 0x00000000d1400000, 0x00000000d1400000|100%| O|  |TAMS 0x00000000d1400000, 0x00000000d1300000| Untracked 
|   2|0x00000000d1400000, 0x00000000d1500000, 0x00000000d1500000|100%| O|  |TAMS 0x00000000d1438000, 0x00000000d1400000| Untracked 
|   3|0x00000000d1500000, 0x00000000d1600000, 0x00000000d1600000|100%| O|  |TAMS 0x00000000d1500000, 0x00000000d1500000| Untracked 
|   4|0x00000000d1600000, 0x00000000d1700000, 0x00000000d1700000|100%| O|  |TAMS 0x00000000d1600000, 0x00000000d1600000| Untracked 
|   5|0x00000000d1700000, 0x00000000d1782e00, 0x00000000d1800000| 51%| O|  |TAMS 0x00000000d1700000, 0x00000000d1700000| Untracked 
|   6|0x00000000d1800000, 0x00000000d1800000, 0x00000000d1900000|  0%| F|  |TAMS 0x00000000d1800000, 0x00000000d1800000| Untracked 
|   7|0x00000000d1900000, 0x00000000d1900000, 0x00000000d1a00000|  0%| F|  |TAMS 0x00000000d1900000, 0x00000000d1900000| Untracked 
|   8|0x00000000d1a00000, 0x00000000d1a00000, 0x00000000d1b00000|  0%| F|  |TAMS 0x00000000d1a00000, 0x00000000d1a00000| Untracked 
|   9|0x00000000d1b00000, 0x00000000d1b00000, 0x00000000d1c00000|  0%| F|  |TAMS 0x00000000d1b00000, 0x00000000d1b00000| Untracked 
|  10|0x00000000d1c00000, 0x00000000d1c00000, 0x00000000d1d00000|  0%| F|  |TAMS 0x00000000d1c00000, 0x00000000d1c00000| Untracked 
|  11|0x00000000d1d00000, 0x00000000d1d00000, 0x00000000d1e00000|  0%| F|  |TAMS 0x00000000d1d00000, 0x00000000d1d00000| Untracked 
|  12|0x00000000d1e00000, 0x00000000d1e00000, 0x00000000d1f00000|  0%| F|  |TAMS 0x00000000d1e00000, 0x00000000d1e00000| Untracked 
|  13|0x00000000d1f00000, 0x00000000d1f00000, 0x00000000d2000000|  0%| F|  |TAMS 0x00000000d1f00000, 0x00000000d1f00000| Untracked 
|  14|0x00000000d2000000, 0x00000000d2000000, 0x00000000d2100000|  0%| F|  |TAMS 0x00000000d2000000, 0x00000000d2000000| Untracked 
|  15|0x00000000d2100000, 0x00000000d2100000, 0x00000000d2200000|  0%| F|  |TAMS 0x00000000d2100000, 0x00000000d2100000| Untracked 
|  16|0x00000000d2200000, 0x00000000d2200000, 0x00000000d2300000|  0%| F|  |TAMS 0x00000000d2200000, 0x00000000d2200000| Untracked 
|  17|0x00000000d2300000, 0x00000000d2300000, 0x00000000d2400000|  0%| F|  |TAMS 0x00000000d2300000, 0x00000000d2300000| Untracked 
|  18|0x00000000d2400000, 0x00000000d2400000, 0x00000000d2500000|  0%| F|  |TAMS 0x00000000d2400000, 0x00000000d2400000| Untracked 
|  19|0x00000000d2500000, 0x00000000d2500000, 0x00000000d2600000|  0%| F|  |TAMS 0x00000000d2500000, 0x00000000d2500000| Untracked 
|  20|0x00000000d2600000, 0x00000000d2600000, 0x00000000d2700000|  0%| F|  |TAMS 0x00000000d2600000, 0x00000000d2600000| Untracked 
|  21|0x00000000d2700000, 0x00000000d2700000, 0x00000000d2800000|  0%| F|  |TAMS 0x00000000d2700000, 0x00000000d2700000| Untracked 
|  22|0x00000000d2800000, 0x00000000d2800000, 0x00000000d2900000|  0%| F|  |TAMS 0x00000000d2800000, 0x00000000d2800000| Untracked 
|  23|0x00000000d2900000, 0x00000000d2900000, 0x00000000d2a00000|  0%| F|  |TAMS 0x00000000d2900000, 0x00000000d2900000| Untracked 
|  24|0x00000000d2a00000, 0x00000000d2a00000, 0x00000000d2b00000|  0%| F|  |TAMS 0x00000000d2a00000, 0x00000000d2a00000| Untracked 
|  25|0x00000000d2b00000, 0x00000000d2b00000, 0x00000000d2c00000|  0%| F|  |TAMS 0x00000000d2b00000, 0x00000000d2b00000| Untracked 
|  26|0x00000000d2c00000, 0x00000000d2c00000, 0x00000000d2d00000|  0%| F|  |TAMS 0x00000000d2c00000, 0x00000000d2c00000| Untracked 
|  27|0x00000000d2d00000, 0x00000000d2d00000, 0x00000000d2e00000|  0%| F|  |TAMS 0x00000000d2d00000, 0x00000000d2d00000| Untracked 
|  28|0x00000000d2e00000, 0x00000000d2e00000, 0x00000000d2f00000|  0%| F|  |TAMS 0x00000000d2e00000, 0x00000000d2e00000| Untracked 
|  29|0x00000000d2f00000, 0x00000000d2f00000, 0x00000000d3000000|  0%| F|  |TAMS 0x00000000d2f00000, 0x00000000d2f00000| Untracked 
|  30|0x00000000d3000000, 0x00000000d3000000, 0x00000000d3100000|  0%| F|  |TAMS 0x00000000d3000000, 0x00000000d3000000| Untracked 
|  31|0x00000000d3100000, 0x00000000d3100000, 0x00000000d3200000|  0%| F|  |TAMS 0x00000000d3100000, 0x00000000d3100000| Untracked 
|  32|0x00000000d3200000, 0x00000000d3200000, 0x00000000d3300000|  0%| F|  |TAMS 0x00000000d3200000, 0x00000000d3200000| Untracked 
|  33|0x00000000d3300000, 0x00000000d3300000, 0x00000000d3400000|  0%| F|  |TAMS 0x00000000d3300000, 0x00000000d3300000| Untracked 
|  34|0x00000000d3400000, 0x00000000d3400000, 0x00000000d3500000|  0%| F|  |TAMS 0x00000000d3400000, 0x00000000d3400000| Untracked 
|  35|0x00000000d3500000, 0x00000000d3500000, 0x00000000d3600000|  0%| F|  |TAMS 0x00000000d3500000, 0x00000000d3500000| Untracked 
|  36|0x00000000d3600000, 0x00000000d3600000, 0x00000000d3700000|  0%| F|  |TAMS 0x00000000d3600000, 0x00000000d3600000| Untracked 
|  37|0x00000000d3700000, 0x00000000d3700000, 0x00000000d3800000|  0%| F|  |TAMS 0x00000000d3700000, 0x00000000d3700000| Untracked 
|  38|0x00000000d3800000, 0x00000000d3800000, 0x00000000d3900000|  0%| F|  |TAMS 0x00000000d3800000, 0x00000000d3800000| Untracked 
|  39|0x00000000d3900000, 0x00000000d3900000, 0x00000000d3a00000|  0%| F|  |TAMS 0x00000000d3900000, 0x00000000d3900000| Untracked 
|  40|0x00000000d3a00000, 0x00000000d3a00000, 0x00000000d3b00000|  0%| F|  |TAMS 0x00000000d3a00000, 0x00000000d3a00000| Untracked 
|  41|0x00000000d3b00000, 0x00000000d3b00000, 0x00000000d3c00000|  0%| F|  |TAMS 0x00000000d3b00000, 0x00000000d3b00000| Untracked 
|  42|0x00000000d3c00000, 0x00000000d3c00000, 0x00000000d3d00000|  0%| F|  |TAMS 0x00000000d3c00000, 0x00000000d3c00000| Untracked 
|  43|0x00000000d3d00000, 0x00000000d3d00000, 0x00000000d3e00000|  0%| F|  |TAMS 0x00000000d3d00000, 0x00000000d3d00000| Untracked 
|  44|0x00000000d3e00000, 0x00000000d3e00000, 0x00000000d3f00000|  0%| F|  |TAMS 0x00000000d3e00000, 0x00000000d3e00000| Untracked 
|  45|0x00000000d3f00000, 0x00000000d3f00000, 0x00000000d4000000|  0%| F|  |TAMS 0x00000000d3f00000, 0x00000000d3f00000| Untracked 
|  46|0x00000000d4000000, 0x00000000d4000000, 0x00000000d4100000|  0%| F|  |TAMS 0x00000000d4000000, 0x00000000d4000000| Untracked 
|  47|0x00000000d4100000, 0x00000000d4100000, 0x00000000d4200000|  0%| F|  |TAMS 0x00000000d4100000, 0x00000000d4100000| Untracked 
|  48|0x00000000d4200000, 0x00000000d4200000, 0x00000000d4300000|  0%| F|  |TAMS 0x00000000d4200000, 0x00000000d4200000| Untracked 
|  49|0x00000000d4300000, 0x00000000d4300000, 0x00000000d4400000|  0%| F|  |TAMS 0x00000000d4300000, 0x00000000d4300000| Untracked 
|  50|0x00000000d4400000, 0x00000000d4400000, 0x00000000d4500000|  0%| F|  |TAMS 0x00000000d4400000, 0x00000000d4400000| Untracked 
|  51|0x00000000d4500000, 0x00000000d4500000, 0x00000000d4600000|  0%| F|  |TAMS 0x00000000d4500000, 0x00000000d4500000| Untracked 
|  52|0x00000000d4600000, 0x00000000d4600000, 0x00000000d4700000|  0%| F|  |TAMS 0x00000000d4600000, 0x00000000d4600000| Untracked 
|  53|0x00000000d4700000, 0x00000000d4700000, 0x00000000d4800000|  0%| F|  |TAMS 0x00000000d4700000, 0x00000000d4700000| Untracked 
|  54|0x00000000d4800000, 0x00000000d4800000, 0x00000000d4900000|  0%| F|  |TAMS 0x00000000d4800000, 0x00000000d4800000| Untracked 
|  55|0x00000000d4900000, 0x00000000d4900000, 0x00000000d4a00000|  0%| F|  |TAMS 0x00000000d4900000, 0x00000000d4900000| Untracked 
|  56|0x00000000d4a00000, 0x00000000d4a00000, 0x00000000d4b00000|  0%| F|  |TAMS 0x00000000d4a00000, 0x00000000d4a00000| Untracked 
|  57|0x00000000d4b00000, 0x00000000d4b00000, 0x00000000d4c00000|  0%| F|  |TAMS 0x00000000d4b00000, 0x00000000d4b00000| Untracked 
|  58|0x00000000d4c00000, 0x00000000d4c00000, 0x00000000d4d00000|  0%| F|  |TAMS 0x00000000d4c00000, 0x00000000d4c00000| Untracked 
|  59|0x00000000d4d00000, 0x00000000d4d00000, 0x00000000d4e00000|  0%| F|  |TAMS 0x00000000d4d00000, 0x00000000d4d00000| Untracked 
|  60|0x00000000d4e00000, 0x00000000d4e00000, 0x00000000d4f00000|  0%| F|  |TAMS 0x00000000d4e00000, 0x00000000d4e00000| Untracked 
|  61|0x00000000d4f00000, 0x00000000d4f00000, 0x00000000d5000000|  0%| F|  |TAMS 0x00000000d4f00000, 0x00000000d4f00000| Untracked 
|  62|0x00000000d5000000, 0x00000000d5000000, 0x00000000d5100000|  0%| F|  |TAMS 0x00000000d5000000, 0x00000000d5000000| Untracked 
|  63|0x00000000d5100000, 0x00000000d5100000, 0x00000000d5200000|  0%| F|  |TAMS 0x00000000d5100000, 0x00000000d5100000| Untracked 
|  64|0x00000000d5200000, 0x00000000d5200000, 0x00000000d5300000|  0%| F|  |TAMS 0x00000000d5200000, 0x00000000d5200000| Untracked 
|  65|0x00000000d5300000, 0x00000000d5300000, 0x00000000d5400000|  0%| F|  |TAMS 0x00000000d5300000, 0x00000000d5300000| Untracked 
|  66|0x00000000d5400000, 0x00000000d5400000, 0x00000000d5500000|  0%| F|  |TAMS 0x00000000d5400000, 0x00000000d5400000| Untracked 
|  67|0x00000000d5500000, 0x00000000d5500000, 0x00000000d5600000|  0%| F|  |TAMS 0x00000000d5500000, 0x00000000d5500000| Untracked 
|  68|0x00000000d5600000, 0x00000000d5600000, 0x00000000d5700000|  0%| F|  |TAMS 0x00000000d5600000, 0x00000000d5600000| Untracked 
|  69|0x00000000d5700000, 0x00000000d5700000, 0x00000000d5800000|  0%| F|  |TAMS 0x00000000d5700000, 0x00000000d5700000| Untracked 
|  70|0x00000000d5800000, 0x00000000d5800000, 0x00000000d5900000|  0%| F|  |TAMS 0x00000000d5800000, 0x00000000d5800000| Untracked 
|  71|0x00000000d5900000, 0x00000000d5900000, 0x00000000d5a00000|  0%| F|  |TAMS 0x00000000d5900000, 0x00000000d5900000| Untracked 
|  72|0x00000000d5a00000, 0x00000000d5a00000, 0x00000000d5b00000|  0%| F|  |TAMS 0x00000000d5a00000, 0x00000000d5a00000| Untracked 
|  73|0x00000000d5b00000, 0x00000000d5b00000, 0x00000000d5c00000|  0%| F|  |TAMS 0x00000000d5b00000, 0x00000000d5b00000| Untracked 
|  74|0x00000000d5c00000, 0x00000000d5c00000, 0x00000000d5d00000|  0%| F|  |TAMS 0x00000000d5c00000, 0x00000000d5c00000| Untracked 
|  75|0x00000000d5d00000, 0x00000000d5d00000, 0x00000000d5e00000|  0%| F|  |TAMS 0x00000000d5d00000, 0x00000000d5d00000| Untracked 
|  76|0x00000000d5e00000, 0x00000000d5e00000, 0x00000000d5f00000|  0%| F|  |TAMS 0x00000000d5e00000, 0x00000000d5e00000| Untracked 
|  77|0x00000000d5f00000, 0x00000000d5f00000, 0x00000000d6000000|  0%| F|  |TAMS 0x00000000d5f00000, 0x00000000d5f00000| Untracked 
|  78|0x00000000d6000000, 0x00000000d6000000, 0x00000000d6100000|  0%| F|  |TAMS 0x00000000d6000000, 0x00000000d6000000| Untracked 
|  79|0x00000000d6100000, 0x00000000d6100000, 0x00000000d6200000|  0%| F|  |TAMS 0x00000000d6100000, 0x00000000d6100000| Untracked 
|  80|0x00000000d6200000, 0x00000000d62b77c8, 0x00000000d6300000| 71%| S|CS|TAMS 0x00000000d6200000, 0x00000000d6200000| Complete 
|  81|0x00000000d6300000, 0x00000000d6400000, 0x00000000d6400000|100%| S|CS|TAMS 0x00000000d6300000, 0x00000000d6300000| Complete 
|  82|0x00000000d6400000, 0x00000000d6400000, 0x00000000d6500000|  0%| F|  |TAMS 0x00000000d6400000, 0x00000000d6400000| Untracked 
|  83|0x00000000d6500000, 0x00000000d6500000, 0x00000000d6600000|  0%| F|  |TAMS 0x00000000d6500000, 0x00000000d6500000| Untracked 
|  84|0x00000000d6600000, 0x00000000d6600000, 0x00000000d6700000|  0%| F|  |TAMS 0x00000000d6600000, 0x00000000d6600000| Untracked 
|  85|0x00000000d6700000, 0x00000000d6700000, 0x00000000d6800000|  0%| F|  |TAMS 0x00000000d6700000, 0x00000000d6700000| Untracked 
|  86|0x00000000d6800000, 0x00000000d6800000, 0x00000000d6900000|  0%| F|  |TAMS 0x00000000d6800000, 0x00000000d6800000| Untracked 
|  87|0x00000000d6900000, 0x00000000d6900000, 0x00000000d6a00000|  0%| F|  |TAMS 0x00000000d6900000, 0x00000000d6900000| Untracked 
|  88|0x00000000d6a00000, 0x00000000d6a00000, 0x00000000d6b00000|  0%| F|  |TAMS 0x00000000d6a00000, 0x00000000d6a00000| Untracked 
|  89|0x00000000d6b00000, 0x00000000d6b00000, 0x00000000d6c00000|  0%| F|  |TAMS 0x00000000d6b00000, 0x00000000d6b00000| Untracked 
|  90|0x00000000d6c00000, 0x00000000d6c00000, 0x00000000d6d00000|  0%| F|  |TAMS 0x00000000d6c00000, 0x00000000d6c00000| Untracked 
|  91|0x00000000d6d00000, 0x00000000d6d00000, 0x00000000d6e00000|  0%| F|  |TAMS 0x00000000d6d00000, 0x00000000d6d00000| Untracked 
|  92|0x00000000d6e00000, 0x00000000d6e00000, 0x00000000d6f00000|  0%| F|  |TAMS 0x00000000d6e00000, 0x00000000d6e00000| Untracked 
|  93|0x00000000d6f00000, 0x00000000d6f00000, 0x00000000d7000000|  0%| F|  |TAMS 0x00000000d6f00000, 0x00000000d6f00000| Untracked 
|  94|0x00000000d7000000, 0x00000000d7000000, 0x00000000d7100000|  0%| F|  |TAMS 0x00000000d7000000, 0x00000000d7000000| Untracked 
|  95|0x00000000d7100000, 0x00000000d7100000, 0x00000000d7200000|  0%| F|  |TAMS 0x00000000d7100000, 0x00000000d7100000| Untracked 
|  96|0x00000000d7200000, 0x00000000d7200000, 0x00000000d7300000|  0%| F|  |TAMS 0x00000000d7200000, 0x00000000d7200000| Untracked 
|  97|0x00000000d7300000, 0x00000000d7300000, 0x00000000d7400000|  0%| F|  |TAMS 0x00000000d7300000, 0x00000000d7300000| Untracked 
|  98|0x00000000d7400000, 0x00000000d7400000, 0x00000000d7500000|  0%| F|  |TAMS 0x00000000d7400000, 0x00000000d7400000| Untracked 
|  99|0x00000000d7500000, 0x00000000d7500000, 0x00000000d7600000|  0%| F|  |TAMS 0x00000000d7500000, 0x00000000d7500000| Untracked 
| 100|0x00000000d7600000, 0x00000000d7600000, 0x00000000d7700000|  0%| F|  |TAMS 0x00000000d7600000, 0x00000000d7600000| Untracked 
| 101|0x00000000d7700000, 0x00000000d7700000, 0x00000000d7800000|  0%| F|  |TAMS 0x00000000d7700000, 0x00000000d7700000| Untracked 
| 102|0x00000000d7800000, 0x00000000d7800000, 0x00000000d7900000|  0%| F|  |TAMS 0x00000000d7800000, 0x00000000d7800000| Untracked 
| 103|0x00000000d7900000, 0x00000000d7900000, 0x00000000d7a00000|  0%| F|  |TAMS 0x00000000d7900000, 0x00000000d7900000| Untracked 
| 104|0x00000000d7a00000, 0x00000000d7a00000, 0x00000000d7b00000|  0%| F|  |TAMS 0x00000000d7a00000, 0x00000000d7a00000| Untracked 
| 105|0x00000000d7b00000, 0x00000000d7b00000, 0x00000000d7c00000|  0%| F|  |TAMS 0x00000000d7b00000, 0x00000000d7b00000| Untracked 
| 106|0x00000000d7c00000, 0x00000000d7c00000, 0x00000000d7d00000|  0%| F|  |TAMS 0x00000000d7c00000, 0x00000000d7c00000| Untracked 
| 107|0x00000000d7d00000, 0x00000000d7d00000, 0x00000000d7e00000|  0%| F|  |TAMS 0x00000000d7d00000, 0x00000000d7d00000| Untracked 
| 108|0x00000000d7e00000, 0x00000000d7e00000, 0x00000000d7f00000|  0%| F|  |TAMS 0x00000000d7e00000, 0x00000000d7e00000| Untracked 
| 109|0x00000000d7f00000, 0x00000000d7f00000, 0x00000000d8000000|  0%| F|  |TAMS 0x00000000d7f00000, 0x00000000d7f00000| Untracked 
| 110|0x00000000d8000000, 0x00000000d8000000, 0x00000000d8100000|  0%| F|  |TAMS 0x00000000d8000000, 0x00000000d8000000| Untracked 
| 111|0x00000000d8100000, 0x00000000d8100000, 0x00000000d8200000|  0%| F|  |TAMS 0x00000000d8100000, 0x00000000d8100000| Untracked 
| 112|0x00000000d8200000, 0x00000000d8200000, 0x00000000d8300000|  0%| F|  |TAMS 0x00000000d8200000, 0x00000000d8200000| Untracked 
| 113|0x00000000d8300000, 0x00000000d8300000, 0x00000000d8400000|  0%| F|  |TAMS 0x00000000d8300000, 0x00000000d8300000| Untracked 
| 114|0x00000000d8400000, 0x00000000d8400000, 0x00000000d8500000|  0%| F|  |TAMS 0x00000000d8400000, 0x00000000d8400000| Untracked 
| 115|0x00000000d8500000, 0x00000000d8500000, 0x00000000d8600000|  0%| F|  |TAMS 0x00000000d8500000, 0x00000000d8500000| Untracked 
| 116|0x00000000d8600000, 0x00000000d8600000, 0x00000000d8700000|  0%| F|  |TAMS 0x00000000d8600000, 0x00000000d8600000| Untracked 
| 117|0x00000000d8700000, 0x00000000d8700000, 0x00000000d8800000|  0%| F|  |TAMS 0x00000000d8700000, 0x00000000d8700000| Untracked 
| 118|0x00000000d8800000, 0x00000000d8800000, 0x00000000d8900000|  0%| F|  |TAMS 0x00000000d8800000, 0x00000000d8800000| Untracked 
| 119|0x00000000d8900000, 0x00000000d8900000, 0x00000000d8a00000|  0%| F|  |TAMS 0x00000000d8900000, 0x00000000d8900000| Untracked 
| 120|0x00000000d8a00000, 0x00000000d8a00000, 0x00000000d8b00000|  0%| F|  |TAMS 0x00000000d8a00000, 0x00000000d8a00000| Untracked 
| 121|0x00000000d8b00000, 0x00000000d8b00000, 0x00000000d8c00000|  0%| F|  |TAMS 0x00000000d8b00000, 0x00000000d8b00000| Untracked 
| 122|0x00000000d8c00000, 0x00000000d8ce3d68, 0x00000000d8d00000| 88%| E|  |TAMS 0x00000000d8c00000, 0x00000000d8c00000| Complete 
| 123|0x00000000d8d00000, 0x00000000d8e00000, 0x00000000d8e00000|100%| E|CS|TAMS 0x00000000d8d00000, 0x00000000d8d00000| Complete 
| 124|0x00000000d8e00000, 0x00000000d8f00000, 0x00000000d8f00000|100%| E|CS|TAMS 0x00000000d8e00000, 0x00000000d8e00000| Complete 
| 125|0x00000000d8f00000, 0x00000000d9000000, 0x00000000d9000000|100%| E|CS|TAMS 0x00000000d8f00000, 0x00000000d8f00000| Complete 
| 126|0x00000000d9000000, 0x00000000d9100000, 0x00000000d9100000|100%| E|CS|TAMS 0x00000000d9000000, 0x00000000d9000000| Complete 
| 127|0x00000000d9100000, 0x00000000d9200000, 0x00000000d9200000|100%| E|CS|TAMS 0x00000000d9100000, 0x00000000d9100000| Complete 

Card table byte_map: [0x0000023973240000,0x00000239733c0000] _byte_map_base: 0x0000023972bb7000

Marking Bits (Prev, Next): (CMBitMap*) 0x0000023960664e10, (CMBitMap*) 0x0000023960664dd0
 Prev Bits: [0x0000023974100000, 0x0000023974cb8000)
 Next Bits: [0x0000023973540000, 0x00000239740f8000)

Polling page: 0x000002395fe00000

Metaspace:

Usage:
  Non-class:     20.67 MB used.
      Class:      2.36 MB used.
       Both:     23.03 MB used.

Virtual space:
  Non-class space:       24.00 MB reserved,      20.81 MB ( 87%) committed,  3 nodes.
      Class space:        1.00 GB reserved,       2.50 MB ( <1%) committed,  1 nodes.
             Both:        1.02 GB reserved,      23.31 MB (  2%) committed. 

Chunk freelists:
   Non-Class:  2.50 MB
       Class:  1.48 MB
        Both:  3.98 MB

MaxMetaspaceSize: unlimited
CompressedClassSpaceSize: 1.00 GB
Initial GC threshold: 21.00 MB
Current GC threshold: 35.12 MB
CDS: off
MetaspaceReclaimPolicy: balanced
 - commit_granule_bytes: 65536.
 - commit_granule_words: 8192.
 - virtual_space_node_default_size: 1048576.
 - enlarge_chunks_in_place: 1.
 - new_chunks_are_fully_committed: 0.
 - uncommit_free_chunks: 1.
 - use_allocation_guard: 0.
 - handle_deallocations: 1.


Internal statistics:

num_allocs_failed_limit: 3.
num_arena_births: 356.
num_arena_deaths: 0.
num_vsnodes_births: 4.
num_vsnodes_deaths: 0.
num_space_committed: 373.
num_space_uncommitted: 0.
num_chunks_returned_to_freelist: 3.
num_chunks_taken_from_freelist: 752.
num_chunk_merges: 3.
num_chunk_splits: 431.
num_chunks_enlarged: 198.
num_purges: 0.
num_inconsistent_stats: 0.

CodeHeap 'non-profiled nmethods': size=120000Kb used=1415Kb max_used=1415Kb free=118584Kb
 bounds [0x000002396b860000, 0x000002396bad0000, 0x0000023972d90000]
CodeHeap 'profiled nmethods': size=120000Kb used=6353Kb max_used=6353Kb free=113646Kb
 bounds [0x0000023964330000, 0x0000023964970000, 0x000002396b860000]
CodeHeap 'non-nmethods': size=5760Kb used=1246Kb max_used=1299Kb free=4513Kb
 bounds [0x0000023963d90000, 0x0000023964000000, 0x0000023964330000]
 total_blobs=3584 nmethods=3043 adapters=453
 compilation: enabled
              stopped_count=0, restarted_count=0
 full_count=0

Compilation events (20 events):
Event: 2121.074 Thread 0x00000239780368f0 3041  s    3       sun.rmi.transport.DGCImpl$LeaseInfo::renew (21 bytes)
Event: 2121.074 Thread 0x00000239780368f0 nmethod 3041 0x000002396495fd90 code [0x000002396495ff20, 0x0000023964960158]
Event: 2121.074 Thread 0x00000239780368f0 3042   !   3       sun.rmi.transport.ObjectTable::referenced (62 bytes)
Event: 2121.075 Thread 0x00000239780368f0 nmethod 3042 0x0000023964960210 code [0x0000023964960420, 0x0000023964960b98]
Event: 2121.075 Thread 0x00000239780368f0 3043  s    3       sun.rmi.transport.Target::referenced (125 bytes)
Event: 2121.077 Thread 0x00000239780368f0 nmethod 3043 0x0000023964960f10 code [0x0000023964961220, 0x00000239649626d8]
Event: 2121.098 Thread 0x000002397802def0 nmethod 3033 0x000002396b9b7290 code [0x000002396b9b75a0, 0x000002396b9b9850]
Event: 2121.099 Thread 0x000002397802def0 3040       4       sun.rmi.server.Util::getRemoteInterfaces (100 bytes)
Event: 2121.112 Thread 0x00000239780368f0 3044       3       com.mysql.cj.protocol.a.NativePacketPayload::isResultSetOKPacket (31 bytes)
Event: 2121.112 Thread 0x00000239780368f0 nmethod 3044 0x0000023964962e90 code [0x0000023964963040, 0x0000023964963238]
Event: 2121.112 Thread 0x00000239780368f0 3045       3       java.io.ObjectOutputStream::defaultWriteObject (54 bytes)
Event: 2121.113 Thread 0x00000239780368f0 nmethod 3045 0x0000023964963310 code [0x0000023964963540, 0x0000023964963bc8]
Event: 2121.122 Thread 0x00000239780368f0 3046       3       jdk.internal.loader.AbstractClassLoaderValue::<init> (5 bytes)
Event: 2121.123 Thread 0x00000239780368f0 nmethod 3046 0x0000023964963e90 code [0x0000023964964020, 0x0000023964964178]
Event: 2121.125 Thread 0x00000239780368f0 3048       3       jdk.internal.reflect.ClassFileAssembler::getMaxLocals (6 bytes)
Event: 2121.125 Thread 0x00000239780368f0 nmethod 3048 0x0000023964964210 code [0x00000239649643a0, 0x00000239649644b8]
Event: 2121.243 Thread 0x000002397802def0 nmethod 3040 0x000002396b9ba890 code [0x000002396b9babe0, 0x000002396b9bdde0]
Event: 2121.244 Thread 0x000002397802def0 3047       4       java.net.Socket$SocketInputStream::read (11 bytes)
Event: 2121.275 Thread 0x000002397802def0 nmethod 3047 0x000002396b9bf510 code [0x000002396b9bf780, 0x000002396b9c0b60]
Event: 2127.416 Thread 0x000002397802def0 3049   !   4       java.io.ObjectInputStream::readObject0 (681 bytes)

GC Heap History (6 events):
Event: 1.646 GC heap before
{Heap before GC invocations=0 (full 0):
 garbage-first heap   total 131072K, used 22528K [0x00000000d1200000, 0x0000000100000000)
  region size 1024K, 23 young (23552K), 0 survivors (0K)
 Metaspace       used 19951K, committed 20160K, reserved 1073152K
  class space    used 2146K, committed 2240K, reserved 1048576K
}
Event: 1.656 GC heap after
{Heap after GC invocations=1 (full 0):
 garbage-first heap   total 131072K, used 5344K [0x00000000d1200000, 0x0000000100000000)
  region size 1024K, 3 young (3072K), 3 survivors (3072K)
 Metaspace       used 19951K, committed 20160K, reserved 1073152K
  class space    used 2146K, committed 2240K, reserved 1048576K
}
Event: 1.897 GC heap before
{Heap before GC invocations=1 (full 0):
 garbage-first heap   total 131072K, used 7392K [0x00000000d1200000, 0x0000000100000000)
  region size 1024K, 6 young (6144K), 3 survivors (3072K)
 Metaspace       used 21284K, committed 21504K, reserved 1073152K
  class space    used 2263K, committed 2368K, reserved 1048576K
}
Event: 1.901 GC heap after
{Heap after GC invocations=2 (full 0):
 garbage-first heap   total 131072K, used 6328K [0x00000000d1200000, 0x0000000100000000)
  region size 1024K, 1 young (1024K), 1 survivors (1024K)
 Metaspace       used 21284K, committed 21504K, reserved 1073152K
  class space    used 2263K, committed 2368K, reserved 1048576K
}
Event: 2119.537 GC heap before
{Heap before GC invocations=3 (full 0):
 garbage-first heap   total 131072K, used 52408K [0x00000000d1200000, 0x0000000100000000)
  region size 1024K, 46 young (47104K), 1 survivors (1024K)
 Metaspace       used 23548K, committed 23808K, reserved 1073152K
  class space    used 2416K, committed 2560K, reserved 1048576K
}
Event: 2119.556 GC heap after
{Heap after GC invocations=4 (full 0):
 garbage-first heap   total 131072K, used 7401K [0x00000000d1200000, 0x0000000100000000)
  region size 1024K, 2 young (2048K), 2 survivors (2048K)
 Metaspace       used 23548K, committed 23808K, reserved 1073152K
  class space    used 2416K, committed 2560K, reserved 1048576K
}

Deoptimization events (20 events):
Event: 2118.069 Thread 0x0000023978590c40 DEOPT PACKING pc=0x000002396b8fabfc sp=0x00000093a54fd5d0
Event: 2118.069 Thread 0x0000023978590c40 DEOPT UNPACKING pc=0x0000023963de5c23 sp=0x00000093a54fd568 mode 2
Event: 2118.259 Thread 0x0000023978590c40 DEOPT PACKING pc=0x0000023964696dba sp=0x00000093a54fcc50
Event: 2118.259 Thread 0x0000023978590c40 DEOPT UNPACKING pc=0x0000023963de6763 sp=0x00000093a54fc110 mode 0
Event: 2118.451 Thread 0x0000023978590c40 Uncommon trap: trap_request=0xffffff45 fr.pc=0x000002396b952638 relative=0x00000000000009f8
Event: 2118.451 Thread 0x0000023978590c40 Uncommon trap: reason=unstable_if action=reinterpret pc=0x000002396b952638 method=java.io.ObjectInputStream$BlockDataInputStream.readUTFSpan(Ljava/lang/StringBuilder;J)J @ 35 c2
Event: 2118.451 Thread 0x0000023978590c40 DEOPT PACKING pc=0x000002396b952638 sp=0x00000093a54fe530
Event: 2118.451 Thread 0x0000023978590c40 DEOPT UNPACKING pc=0x0000023963de5c23 sp=0x00000093a54fe4d0 mode 2
Event: 2118.595 Thread 0x0000023978590c40 Uncommon trap: trap_request=0xffffff45 fr.pc=0x000002396b95ccdc relative=0x000000000000005c
Event: 2118.595 Thread 0x0000023978590c40 Uncommon trap: reason=unstable_if action=reinterpret pc=0x000002396b95ccdc method=java.io.ObjectStreamField.getSignature()Ljava/lang/String; @ 4 c2
Event: 2118.595 Thread 0x0000023978590c40 DEOPT PACKING pc=0x000002396b95ccdc sp=0x00000093a54fcc20
Event: 2118.595 Thread 0x0000023978590c40 DEOPT UNPACKING pc=0x0000023963de5c23 sp=0x00000093a54fcbb0 mode 2
Event: 2118.730 Thread 0x0000023978590c40 Uncommon trap: trap_request=0xffffff45 fr.pc=0x000002396b90c258 relative=0x00000000000001b8
Event: 2118.730 Thread 0x0000023978590c40 Uncommon trap: reason=unstable_if action=reinterpret pc=0x000002396b90c258 method=java.util.HashMap.getNode(Ljava/lang/Object;)Ljava/util/HashMap$Node; @ 66 c2
Event: 2118.730 Thread 0x0000023978590c40 DEOPT PACKING pc=0x000002396b90c258 sp=0x00000093a54fdd60
Event: 2118.730 Thread 0x0000023978590c40 DEOPT UNPACKING pc=0x0000023963de5c23 sp=0x00000093a54fdc70 mode 2
Event: 2119.304 Thread 0x0000023978590c40 Uncommon trap: trap_request=0xffffff45 fr.pc=0x000002396b9543dc relative=0x00000000000001bc
Event: 2119.304 Thread 0x0000023978590c40 Uncommon trap: reason=unstable_if action=reinterpret pc=0x000002396b9543dc method=com.mysql.cj.protocol.a.NativePacketPayload.readInteger(Lcom/mysql/cj/protocol/a/NativeConstants$IntegerDataType;)J @ 582 c2
Event: 2119.304 Thread 0x0000023978590c40 DEOPT PACKING pc=0x000002396b9543dc sp=0x00000093a54fddd0
Event: 2119.304 Thread 0x0000023978590c40 DEOPT UNPACKING pc=0x0000023963de5c23 sp=0x00000093a54fdd60 mode 2

Classes unloaded (0 events):
No events

Classes redefined (0 events):
No events

Internal exceptions (20 events):
Event: 0.701 Thread 0x0000023978590c40 Exception <a 'java/lang/NoSuchMethodError'{0x00000000d890ef98}: static [B.<clinit>()V> (0x00000000d890ef98) 
thrown [s\src\hotspot\share\prims\jni.cpp, line 1108]
Event: 0.942 Thread 0x0000023978590c40 Exception <a 'java/lang/NoSuchMethodError'{0x00000000d8765c10}: 'java.lang.Object java.lang.invoke.DirectMethodHandle$Holder.invokeInterface(java.lang.Object, java.lang.Object)'> (0x00000000d8765c10) 
thrown [s\src\hotspot\share\interpreter\linkResolver.cpp, line 778]
Event: 0.967 Thread 0x0000023978590c40 Exception <a 'java/lang/NoSuchMethodError'{0x00000000d87e27a0}: 'void java.lang.invoke.DirectMethodHandle$Holder.invokeSpecial(java.lang.Object, java.lang.Object, java.lang.Object)'> (0x00000000d87e27a0) 
thrown [s\src\hotspot\share\interpreter\linkResolver.cpp, line 778]
Event: 0.968 Thread 0x0000023978590c40 Exception <a 'java/lang/NoSuchMethodError'{0x00000000d87e91b8}: 'void java.lang.invoke.DirectMethodHandle$Holder.invokeStatic(java.lang.Object, java.lang.Object, java.lang.Object)'> (0x00000000d87e91b8) 
thrown [s\src\hotspot\share\interpreter\linkResolver.cpp, line 778]
Event: 0.969 Thread 0x0000023978590c40 Exception <a 'java/lang/NoSuchMethodError'{0x00000000d87f37d0}: 'java.lang.Object java.lang.invoke.DirectMethodHandle$Holder.invokeVirtual(java.lang.Object, java.lang.Object, java.lang.Object)'> (0x00000000d87f37d0) 
thrown [s\src\hotspot\share\interpreter\linkResolver.cpp, line 778]
Event: 1.106 Thread 0x0000023978590c40 Exception <a 'java/lang/NoSuchMethodError'{0x00000000d821a8e8}: 'void java.lang.invoke.DirectMethodHandle$Holder.invokeStaticInit(java.lang.Object, java.lang.Object)'> (0x00000000d821a8e8) 
thrown [s\src\hotspot\share\interpreter\linkResolver.cpp, line 778]
Event: 1.210 Thread 0x0000023978590c40 Exception <a 'sun/nio/fs/WindowsException'{0x00000000d8046a70}> (0x00000000d8046a70) 
thrown [s\src\hotspot\share\prims\jni.cpp, line 517]
Event: 1.232 Thread 0x0000023978590c40 Exception <a 'java/lang/NoSuchMethodError'{0x00000000d806acc0}: 'int java.lang.invoke.DirectMethodHandle$Holder.invokeStaticInit(java.lang.Object, java.lang.Object, java.lang.Object, java.lang.Object)'> (0x00000000d806acc0) 
thrown [s\src\hotspot\share\interpreter\linkResolver.cpp, line 778]
Event: 1.235 Thread 0x0000023978590c40 Exception <a 'java/lang/IncompatibleClassChangeError'{0x00000000d80741c8}: Found class java.lang.Object, but interface was expected> (0x00000000d80741c8) 
thrown [s\src\hotspot\share\interpreter\linkResolver.cpp, line 845]
Event: 1.238 Thread 0x0000023978590c40 Exception <a 'java/lang/NoSuchMethodError'{0x00000000d8079c50}: 'int java.lang.invoke.DirectMethodHandle$Holder.invokeStaticInit(java.lang.Object, java.lang.Object)'> (0x00000000d8079c50) 
thrown [s\src\hotspot\share\interpreter\linkResolver.cpp, line 778]
Event: 1.708 Thread 0x0000023978590c40 Implicit null exception at 0x000002396b896477 to 0x000002396b896eb8
Event: 2.704 Thread 0x0000023978590c40 Exception <a 'java/lang/NoSuchMethodError'{0x00000000d8c8ee88}: static Lcom/intellij/database/remote/jdbc/RemoteResultSet$DataRetrievingOptions;.<clinit>()V> (0x00000000d8c8ee88) 
thrown [s\src\hotspot\share\prims\jni.cpp, line 1108]
Event: 2.708 Thread 0x0000023978590c40 Exception <a 'java/lang/NoSuchMethodError'{0x00000000d8c9c9c8}: static [Ljava/lang/Object;.<clinit>()V> (0x00000000d8c9c9c8) 
thrown [s\src\hotspot\share\prims\jni.cpp, line 1108]
Event: 2118.029 Thread 0x0000023978590c40 Exception <a 'java/lang/NoSuchMethodError'{0x00000000d6a12d80}: static Lcom/intellij/database/remote/jdba/core/ConnectionInfo;.<clinit>()V> (0x00000000d6a12d80) 
thrown [s\src\hotspot\share\prims\jni.cpp, line 1108]
Event: 2118.030 Thread 0x0000023978590c40 Exception <a 'java/lang/NoSuchMethodError'{0x00000000d6a1b8c8}: static Ljava/lang/Object;.<clinit>()V> (0x00000000d6a1b8c8) 
thrown [s\src\hotspot\share\prims\jni.cpp, line 1108]
Event: 2118.031 Thread 0x0000023978590c40 Exception <a 'java/lang/NoSuchMethodError'{0x00000000d6a1f3a8}: static [I.<clinit>()V> (0x00000000d6a1f3a8) 
thrown [s\src\hotspot\share\prims\jni.cpp, line 1108]
Event: 2118.123 Thread 0x0000023978590c40 Exception <a 'java/lang/NoSuchMethodError'{0x00000000d693ae58}: static Lcom/intellij/database/remote/jdba/core/ResultLayout;.<clinit>()V> (0x00000000d693ae58) 
thrown [s\src\hotspot\share\prims\jni.cpp, line 1108]
Event: 2118.125 Thread 0x0000023978590c40 Exception <a 'java/lang/NoSuchMethodError'{0x00000000d6945c30}: static Lcom/intellij/database/remote/jdba/core/RowLayout;.<clinit>()V> (0x00000000d6945c30) 
thrown [s\src\hotspot\share\prims\jni.cpp, line 1108]
Event: 2118.126 Thread 0x0000023978590c40 Exception <a 'java/lang/NoSuchMethodError'{0x00000000d6950788}: static Lcom/intellij/database/remote/jdba/util/NameAndClass;.<clinit>()V> (0x00000000d6950788) 
thrown [s\src\hotspot\share\prims\jni.cpp, line 1108]
Event: 2118.272 Thread 0x0000023978590c40 Exception <a 'java/lang/NoSuchMethodError'{0x00000000d6814e40}: static [Ljava/lang/String;.<clinit>()V> (0x00000000d6814e40) 
thrown [s\src\hotspot\share\prims\jni.cpp, line 1108]

VM Operations (20 events):
Event: 621.219 Executing VM operation: Cleanup
Event: 621.219 Executing VM operation: Cleanup done
Event: 658.239 Executing VM operation: Cleanup
Event: 658.240 Executing VM operation: Cleanup done
Event: 970.374 Executing VM operation: Cleanup
Event: 970.375 Executing VM operation: Cleanup done
Event: 1153.464 Executing VM operation: Cleanup
Event: 1153.472 Executing VM operation: Cleanup done
Event: 1324.545 Executing VM operation: Cleanup
Event: 1324.545 Executing VM operation: Cleanup done
Event: 2117.907 Executing VM operation: Cleanup
Event: 2117.907 Executing VM operation: Cleanup done
Event: 2119.536 Executing VM operation: G1CollectForAllocation
Event: 2119.556 Executing VM operation: G1CollectForAllocation done
Event: 2120.556 Executing VM operation: Cleanup
Event: 2120.556 Executing VM operation: Cleanup done
Event: 2121.557 Executing VM operation: Cleanup
Event: 2121.557 Executing VM operation: Cleanup done
Event: 2126.558 Executing VM operation: Cleanup
Event: 2126.558 Executing VM operation: Cleanup done

Events (20 events):
Event: 2120.716 Thread 0x000002397a150a40 Thread added: 0x000002397a150a40
Event: 2120.993 Thread 0x000002397a150a40 Thread exited: 0x000002397a150a40
Event: 2127.419 Thread 0x0000023978989d50 Thread added: 0x0000023978989d50
Event: 2127.420 Thread 0x000002397898ba30 Thread added: 0x000002397898ba30
Event: 2127.420 Thread 0x00000239789893b0 Thread added: 0x00000239789893b0
Event: 2127.421 Thread 0x000002397898c8a0 Thread added: 0x000002397898c8a0
Event: 2127.421 Thread 0x000002397898b090 Thread added: 0x000002397898b090
Event: 2127.422 Thread 0x0000023978989880 Thread added: 0x0000023978989880
Event: 2127.422 Thread 0x000002397898b560 Thread added: 0x000002397898b560
Event: 2127.422 Thread 0x000002397898abc0 Thread added: 0x000002397898abc0
Event: 2127.423 Thread 0x000002397898bf00 Thread added: 0x000002397898bf00
Event: 2127.428 Thread 0x000002397898ba30 Thread exited: 0x000002397898ba30
Event: 2127.428 Thread 0x0000023978989d50 Thread exited: 0x0000023978989d50
Event: 2127.429 Thread 0x000002397898b090 Thread exited: 0x000002397898b090
Event: 2127.431 Thread 0x0000023978989880 Thread exited: 0x0000023978989880
Event: 2127.431 Thread 0x00000239789893b0 Thread exited: 0x00000239789893b0
Event: 2127.432 Thread 0x000002397898c8a0 Thread exited: 0x000002397898c8a0
Event: 2127.432 Thread 0x000002397898bf00 Thread exited: 0x000002397898bf00
Event: 2127.432 Thread 0x000002397898b560 Thread exited: 0x000002397898b560
Event: 2127.433 Thread 0x000002397898abc0 Thread exited: 0x000002397898abc0


Dynamic libraries:
0x00007ff7df330000 - 0x00007ff7df33a000 	C:\Program Files\JetBrains\IntelliJ IDEA 2022.2\jbr\bin\java.exe
0x00007ffb48db0000 - 0x00007ffb48fa8000 	C:\WINDOWS\SYSTEM32\ntdll.dll
0x00007ffb485c0000 - 0x00007ffb4867f000 	C:\WINDOWS\System32\KERNEL32.DLL
0x00007ffb464c0000 - 0x00007ffb467b6000 	C:\WINDOWS\System32\KERNELBASE.dll
0x00007ffb46920000 - 0x00007ffb46a20000 	C:\WINDOWS\System32\ucrtbase.dll
0x00007ffb1f6d0000 - 0x00007ffb1f6e7000 	C:\Program Files\JetBrains\IntelliJ IDEA 2022.2\jbr\bin\jli.dll
0x00007ffb47150000 - 0x00007ffb472ed000 	C:\WINDOWS\System32\USER32.dll
0x00007ffb46490000 - 0x00007ffb464b2000 	C:\WINDOWS\System32\win32u.dll
0x00007ffb48680000 - 0x00007ffb486ac000 	C:\WINDOWS\System32\GDI32.dll
0x00007ffb46b10000 - 0x00007ffb46c25000 	C:\WINDOWS\System32\gdi32full.dll
0x00007ffb46a70000 - 0x00007ffb46b0d000 	C:\WINDOWS\System32\msvcp_win.dll
0x00007ffb33b70000 - 0x00007ffb33e0a000 	C:\WINDOWS\WinSxS\amd64_microsoft.windows.common-controls_6595b64144ccf1df_6.0.19041.1110_none_60b5254171f9507e\COMCTL32.dll
0x00007ffb472f0000 - 0x00007ffb4738e000 	C:\WINDOWS\System32\msvcrt.dll
0x00007ffb119e0000 - 0x00007ffb119fb000 	C:\Program Files\JetBrains\IntelliJ IDEA 2022.2\jbr\bin\VCRUNTIME140.dll
0x00007ffb487a0000 - 0x00007ffb487d0000 	C:\WINDOWS\System32\IMM32.DLL
0x00007ffb20b70000 - 0x00007ffb20b7c000 	C:\Program Files\JetBrains\IntelliJ IDEA 2022.2\jbr\bin\vcruntime140_1.dll
0x00007ffb096f0000 - 0x00007ffb0977d000 	C:\Program Files\JetBrains\IntelliJ IDEA 2022.2\jbr\bin\msvcp140.dll
0x00007ffab3940000 - 0x00007ffab45a8000 	C:\Program Files\JetBrains\IntelliJ IDEA 2022.2\jbr\bin\server\jvm.dll
0x00007ffb482f0000 - 0x00007ffb4839f000 	C:\WINDOWS\System32\ADVAPI32.dll
0x00007ffb483a0000 - 0x00007ffb4843c000 	C:\WINDOWS\System32\sechost.dll
0x00007ffb487d0000 - 0x00007ffb488f6000 	C:\WINDOWS\System32\RPCRT4.dll
0x00007ffb46f60000 - 0x00007ffb46f68000 	C:\WINDOWS\System32\PSAPI.DLL
0x00007ffb30cc0000 - 0x00007ffb30ce7000 	C:\WINDOWS\SYSTEM32\WINMM.dll
0x00007ffb30cf0000 - 0x00007ffb30cf9000 	C:\WINDOWS\SYSTEM32\WSOCK32.dll
0x00007ffb37df0000 - 0x00007ffb37dfa000 	C:\WINDOWS\SYSTEM32\VERSION.dll
0x00007ffb484f0000 - 0x00007ffb4855b000 	C:\WINDOWS\System32\WS2_32.dll
0x00007ffb44cd0000 - 0x00007ffb44ce2000 	C:\WINDOWS\SYSTEM32\kernel.appcore.dll
0x00007ffb3bdd0000 - 0x00007ffb3bdda000 	C:\Program Files\JetBrains\IntelliJ IDEA 2022.2\jbr\bin\jimage.dll
0x00007ffb44860000 - 0x00007ffb44a44000 	C:\WINDOWS\SYSTEM32\DBGHELP.DLL
0x00007ffb44820000 - 0x00007ffb44854000 	C:\WINDOWS\SYSTEM32\dbgcore.DLL
0x00007ffb46d80000 - 0x00007ffb46e02000 	C:\WINDOWS\System32\bcryptPrimitives.dll
0x00007ffb22ce0000 - 0x00007ffb22d05000 	C:\Program Files\JetBrains\IntelliJ IDEA 2022.2\jbr\bin\java.dll
0x00007ffb362d0000 - 0x00007ffb362e8000 	C:\Program Files\JetBrains\IntelliJ IDEA 2022.2\jbr\bin\zip.dll
0x00007ffb473a0000 - 0x00007ffb47ae4000 	C:\WINDOWS\System32\SHELL32.dll
0x00007ffb43e30000 - 0x00007ffb445c4000 	C:\WINDOWS\SYSTEM32\windows.storage.dll
0x00007ffb47f70000 - 0x00007ffb482c4000 	C:\WINDOWS\System32\combase.dll
0x00007ffb45e60000 - 0x00007ffb45e8e000 	C:\WINDOWS\SYSTEM32\Wldp.dll
0x00007ffb470a0000 - 0x00007ffb4714d000 	C:\WINDOWS\System32\SHCORE.dll
0x00007ffb48560000 - 0x00007ffb485b5000 	C:\WINDOWS\System32\shlwapi.dll
0x00007ffb463c0000 - 0x00007ffb463e5000 	C:\WINDOWS\SYSTEM32\profapi.dll
0x00007ffb33b50000 - 0x00007ffb33b69000 	C:\Program Files\JetBrains\IntelliJ IDEA 2022.2\jbr\bin\net.dll
0x00007ffb445e0000 - 0x00007ffb446ea000 	C:\WINDOWS\SYSTEM32\WINHTTP.dll
0x00007ffb45b60000 - 0x00007ffb45bca000 	C:\WINDOWS\system32\mswsock.dll
0x00007ffb339f0000 - 0x00007ffb33a06000 	C:\Program Files\JetBrains\IntelliJ IDEA 2022.2\jbr\bin\nio.dll
0x00007ffb45850000 - 0x00007ffb4588c000 	C:\WINDOWS\SYSTEM32\IPHLPAPI.DLL
0x00007ffb47390000 - 0x00007ffb47398000 	C:\WINDOWS\System32\NSI.dll
0x00007ffb37e40000 - 0x00007ffb37e57000 	C:\WINDOWS\SYSTEM32\dhcpcsvc6.DLL
0x00007ffb37eb0000 - 0x00007ffb37ecd000 	C:\WINDOWS\SYSTEM32\dhcpcsvc.DLL
0x00007ffb45890000 - 0x00007ffb4595a000 	C:\WINDOWS\SYSTEM32\DNSAPI.dll
0x00007ffb45db0000 - 0x00007ffb45dc8000 	C:\WINDOWS\SYSTEM32\CRYPTSP.dll
0x00007ffb45480000 - 0x00007ffb454b4000 	C:\WINDOWS\system32\rsaenh.dll
0x00007ffb46ca0000 - 0x00007ffb46cc7000 	C:\WINDOWS\System32\bcrypt.dll
0x00007ffb46380000 - 0x00007ffb463ae000 	C:\WINDOWS\SYSTEM32\USERENV.dll
0x00007ffb45dd0000 - 0x00007ffb45ddc000 	C:\WINDOWS\SYSTEM32\CRYPTBASE.dll
0x00007ffb1d630000 - 0x00007ffb1d637000 	C:\Program Files\JetBrains\IntelliJ IDEA 2022.2\jbr\bin\rmi.dll
0x00007ffb38860000 - 0x00007ffb38870000 	C:\Program Files\JetBrains\IntelliJ IDEA 2022.2\jbr\bin\verify.dll
0x00007ffb3bd70000 - 0x00007ffb3bd7a000 	C:\Windows\System32\rasadhlp.dll
0x00007ffb34c50000 - 0x00007ffb34cd2000 	C:\WINDOWS\System32\fwpuclnt.dll
0x00007ffb33ef0000 - 0x00007ffb33efd000 	C:\Program Files\JetBrains\IntelliJ IDEA 2022.2\jbr\bin\sunmscapi.dll
0x00007ffb467c0000 - 0x00007ffb4691e000 	C:\WINDOWS\System32\CRYPT32.dll
0x00007ffb45ed0000 - 0x00007ffb45ef8000 	C:\WINDOWS\SYSTEM32\ncrypt.dll
0x00007ffb45e90000 - 0x00007ffb45ecb000 	C:\WINDOWS\SYSTEM32\NTASN1.dll

dbghelp: loaded successfully - version: 4.0.5 - missing functions: none
symbol engine: initialized successfully - sym options: 0x614 - pdb path: .;C:\Program Files\JetBrains\IntelliJ IDEA 2022.2\jbr\bin;C:\WINDOWS\SYSTEM32;C:\WINDOWS\WinSxS\amd64_microsoft.windows.common-controls_6595b64144ccf1df_6.0.19041.1110_none_60b5254171f9507e;C:\Program Files\JetBrains\IntelliJ IDEA 2022.2\jbr\bin\server

VM Arguments:
jvm_args: -Djava.rmi.server.hostname=127.0.0.1 -Duser.timezone=UTC -Xmx750m -Xms128m -XX:+IgnoreUnrecognizedVMOptions --add-opens=jdk.unsupported/sun.misc=ALL-UNNAMED --add-opens=java.base/java.nio=ALL-UNNAMED -Dfile.encoding=UTF-8 
java_command: com.intellij.database.remote.RemoteJdbcServer com.mysql.cj.jdbc.Driver
java_class_path (initial): C:\Program Files\JetBrains\IntelliJ IDEA 2022.2\lib\util_rt.jar;C:\Program Files\JetBrains\IntelliJ IDEA 2022.2\lib\util.jar;C:\Program Files\JetBrains\IntelliJ IDEA 2022.2\lib\groovy.jar;C:\Program Files\JetBrains\IntelliJ IDEA 2022.2\plugins\DatabaseTools\lib\jdbc-console.jar;C:\Users\πË¿∫∞Ê\AppData\Roaming\JetBrains\IntelliJIdea2022.2\jdbc-drivers\MySQL ConnectorJ\8.0.25\mysql-connector-java-8.0.25.jar
Launcher Type: SUN_STANDARD

[Global flags]
     intx CICompilerCount                          = 4                                         {product} {ergonomic}
     uint ConcGCThreads                            = 2                                         {product} {ergonomic}
     uint G1ConcRefinementThreads                  = 8                                         {product} {ergonomic}
   size_t G1HeapRegionSize                         = 1048576                                   {product} {ergonomic}
    uintx GCDrainStackTargetSize                   = 64                                        {product} {ergonomic}
     bool IgnoreUnrecognizedVMOptions              = true                                      {product} {command line}
   size_t InitialHeapSize                          = 134217728                                 {product} {command line}
   size_t MarkStackSize                            = 4194304                                   {product} {ergonomic}
   size_t MaxHeapSize                              = 786432000                                 {product} {command line}
   size_t MaxNewSize                               = 471859200                                 {product} {ergonomic}
   size_t MinHeapDeltaBytes                        = 1048576                                   {product} {ergonomic}
   size_t MinHeapSize                              = 134217728                                 {product} {command line}
    uintx NonNMethodCodeHeapSize                   = 5839372                                {pd product} {ergonomic}
    uintx NonProfiledCodeHeapSize                  = 122909434                              {pd product} {ergonomic}
    uintx ProfiledCodeHeapSize                     = 122909434                              {pd product} {ergonomic}
    uintx ReservedCodeCacheSize                    = 251658240                              {pd product} {ergonomic}
     bool SegmentedCodeCache                       = true                                      {product} {ergonomic}
   size_t SoftMaxHeapSize                          = 786432000                              {manageable} {ergonomic}
     bool UseCompressedClassPointers               = true                           {product lp64_product} {ergonomic}
     bool UseCompressedOops                        = true                           {product lp64_product} {ergonomic}
     bool UseG1GC                                  = true                                      {product} {ergonomic}
     bool UseLargePagesIndividualAllocation        = false                                  {pd product} {ergonomic}

Logging:
Log output configuration:
 #0: stdout all=warning uptime,level,tags
 #1: stderr all=off uptime,level,tags

Environment Variables:
JAVA_HOME=C:\Program Files\Java\jdk-11.0.16
PATH=C:\Program Files (x86)\Windows Resource Kits\Tools\;E:\WINDOWS.X64_193000_db_home\bin;C:\WINDOWS\system32;C:\WINDOWS;C:\WINDOWS\System32\Wbem;C:\WINDOWS\System32\WindowsPowerShell\v1.0\;C:\WINDOWS\System32\OpenSSH\;C:\Program Files\Java\jdk-11.0.16\bin;C:\Program Files\Apache Software Foundation\Tomcat 9.0\bin;C:\Program Files\Git\cmd;C:\Program Files\PuTTY\;C:\Users\πË¿∫∞Ê\AppData\Local\GitHubDesktop\bin;C:\Program Files\Java\jdk-14\bin;C:\Users\πË¿∫∞Ê\AppData\Local\Microsoft\WindowsApps;C:\Program Files\Apache Software Foundation\Tomcat 9.0\bin;C:\Program Files\JetBrains\IntelliJ IDEA 2022.2\bin;;C:\Users\πË¿∫∞Ê\AppData\Local\Google\Cloud SDK\google-cloud-sdk\bin;;C:\Program Files (x86)\ESTsoft\ALSee\x64
USERNAME=πË¿∫∞Ê
OS=Windows_NT
PROCESSOR_IDENTIFIER=Intel64 Family 6 Model 126 Stepping 5, GenuineIntel



---------------  S Y S T E M  ---------------

OS:
 Windows 10 , 64 bit Build 19041 (10.0.19041.3155)
OS uptime: 7 days 5:53 hours

CPU: total 8 (initial active 8) (4 cores per cpu, 2 threads per core) family 6 model 126 stepping 5 microcode 0x78, cx8, cmov, fxsr, ht, mmx, 3dnowpref, sse, sse2, sse3, ssse3, sse4.1, sse4.2, popcnt, lzcnt, tsc, tscinvbit, avx, avx2, aes, erms, clmul, bmi1, bmi2, adx, avx512f, avx512dq, avx512cd, avx512bw, avx512vl, sha, fma, vzeroupper, avx512_vpopcntdq, avx512_vpclmulqdq, avx512_vaes, avx512_vnni, clflush, clflushopt, avx512_vbmi2, avx512_vbmi

Memory: 4k page, system-wide physical 7926M (1023M free)
TotalPageFile size 16307M (AvailPageFile size 3M)
current process WorkingSet (physical memory assigned to process): 72M, peak: 120M
current process commit charge ("private bytes"): 240M, peak: 261M

vm_info: OpenJDK 64-Bit Server VM (17.0.3+7-b469.32) for windows-amd64 JRE (17.0.3+7-b469.32), built on 2022-07-19 by "builduser" with MS VC++ 16.10 / 16.11 (VS2019)

END.
